vrpad_lib/app/build/intermediates/manifest_merge_blame_file/debug/manifest-merger-blame-debug-report.txt
1<?xml version="1.0" encoding="utf-8"?>
2<manifest xmlns:android="http://schemas.android.com/apk/res/android"
3    package="com.pvr.vrpad"
4    android:sharedUserId="android.uid.system"
5    android:versionCode="1"
6    android:versionName="1.0" >
7
8    <uses-sdk
9        android:minSdkVersion="26"
9-->src\main\AndroidManifest.xml
10        android:targetSdkVersion="29" />
10-->src\main\AndroidManifest.xml
11
12    <uses-permission android:name="android.permission.INTERNET" />
12-->src\main\AndroidManifest.xml:6:5-67
12-->src\main\AndroidManifest.xml:6:22-64
13    <uses-permission android:name="android.permission.ACCESS_NETWORK_STATE" />
13-->src\main\AndroidManifest.xml:7:5-79
13-->src\main\AndroidManifest.xml:7:22-76
14    <uses-permission android:name="android.permission.VIBRATE" />
14-->src\main\AndroidManifest.xml:8:5-66
14-->src\main\AndroidManifest.xml:8:22-63
15    <uses-permission android:name="android.permission.READ_PHONE_STATE" />
15-->src\main\AndroidManifest.xml:9:5-75
15-->src\main\AndroidManifest.xml:9:22-72
16    <uses-permission android:name="android.permission.SYSTEM_ALERT_WINDOW" />
16-->src\main\AndroidManifest.xml:10:5-78
16-->src\main\AndroidManifest.xml:10:22-75
17    <uses-permission android:name="android.permission.READ_EXTERNAL_STORAGE" />
17-->src\main\AndroidManifest.xml:11:5-80
17-->src\main\AndroidManifest.xml:11:22-77
18    <uses-permission android:name="android.permission.WRITE_EXTERNAL_STORAGE" />
18-->src\main\AndroidManifest.xml:12:5-81
18-->src\main\AndroidManifest.xml:12:22-78
19    <uses-permission android:name="android.permission.WRITE_MEDIA_STORAGE" />
19-->src\main\AndroidManifest.xml:13:5-78
19-->src\main\AndroidManifest.xml:13:22-75
20    <uses-permission android:name="android.permission.WRITE_SETTINGS" />
20-->src\main\AndroidManifest.xml:14:5-73
20-->src\main\AndroidManifest.xml:14:22-70
21    <uses-permission android:name="android.permission.WRITE_SECURE_SETTINGS" />
21-->src\main\AndroidManifest.xml:15:5-80
21-->src\main\AndroidManifest.xml:15:22-77
22    <uses-permission android:name="android.permission.CHANGE_CONFIGURATION" />
22-->src\main\AndroidManifest.xml:16:5-79
22-->src\main\AndroidManifest.xml:16:22-76
23    <uses-permission android:name="android.permission.CAPTURE_VIDEO_OUTPUT" />
23-->src\main\AndroidManifest.xml:17:5-79
23-->src\main\AndroidManifest.xml:17:22-76
24    <uses-permission android:name="android.permission.INTERNAL_SYSTEM_WINDOW" />
24-->src\main\AndroidManifest.xml:18:5-81
24-->src\main\AndroidManifest.xml:18:22-78
25    <uses-permission android:name="android.permission.INJECT_EVENTS" />
25-->src\main\AndroidManifest.xml:19:5-72
25-->src\main\AndroidManifest.xml:19:22-69
26
27    <application
27-->src\main\AndroidManifest.xml:21:5-152:19
28        android:allowBackup="false"
28-->src\main\AndroidManifest.xml:22:9-36
29        android:icon="@mipmap/ic_launcher"
29-->src\main\AndroidManifest.xml:23:9-43
30        android:label="@string/app_name"
30-->src\main\AndroidManifest.xml:24:9-41
31        android:roundIcon="@mipmap/ic_launcher_round"
31-->src\main\AndroidManifest.xml:25:9-54
32        android:supportsRtl="true"
32-->src\main\AndroidManifest.xml:26:9-35
33        android:theme="@android:style/Theme.Black.NoTitleBar.Fullscreen" >
33-->src\main\AndroidManifest.xml:27:9-73
34        <activity
34-->src\main\AndroidManifest.xml:29:9-48:20
35            android:name="com.pvr.vrpad.MainActivity"
35-->src\main\AndroidManifest.xml:30:13-41
36            android:configChanges="keyboard|keyboardHidden|mcc|mnc|navigation|orientation|screenLayout|screenSize|smallestScreenSize|touchscreen|uiMode"
36-->src\main\AndroidManifest.xml:31:13-153
37            android:launchMode="singleTask"
37-->src\main\AndroidManifest.xml:32:13-44
38            android:noHistory="true"
38-->src\main\AndroidManifest.xml:33:13-37
39            android:screenOrientation="landscape" >
39-->src\main\AndroidManifest.xml:34:13-50
40            <intent-filter>
40-->src\main\AndroidManifest.xml:35:13-40:29
41                <action android:name="android.intent.action.MAIN" />
41-->src\main\AndroidManifest.xml:36:17-69
41-->src\main\AndroidManifest.xml:36:25-66
42
43                <category android:name="android.intent.category.LAUNCHER" />
43-->src\main\AndroidManifest.xml:38:17-77
43-->src\main\AndroidManifest.xml:38:27-74
44                <category android:name="android.intent.category.DEFAULT" />
44-->src\main\AndroidManifest.xml:39:17-76
44-->src\main\AndroidManifest.xml:39:27-73
45            </intent-filter>
46
47            <meta-data
47-->src\main\AndroidManifest.xml:42:13-44:40
48                android:name="unityplayer.UnityActivity"
48-->src\main\AndroidManifest.xml:43:17-57
49                android:value="true" />
49-->src\main\AndroidManifest.xml:44:17-37
50            <meta-data
50-->src\main\AndroidManifest.xml:45:13-47:41
51                android:name="unityplayer.ForwardNativeEventsToDalvik"
51-->src\main\AndroidManifest.xml:46:17-71
52                android:value="false" />
52-->src\main\AndroidManifest.xml:47:17-38
53        </activity>
54        <activity
54-->src\main\AndroidManifest.xml:49:9-57:20
55            android:name="com.pvr.vrpad.AppActivity"
55-->src\main\AndroidManifest.xml:50:13-40
56            android:configChanges="keyboard|keyboardHidden|mcc|mnc|navigation|orientation|screenLayout|screenSize|smallestScreenSize|touchscreen|uiMode"
56-->src\main\AndroidManifest.xml:51:13-153
57            android:launchMode="singleInstance"
57-->src\main\AndroidManifest.xml:52:13-48
58            android:screenOrientation="landscape" >
58-->src\main\AndroidManifest.xml:53:13-50
59            <meta-data
59-->src\main\AndroidManifest.xml:54:13-56:38
60                android:name="pvr.app.type"
60-->src\main\AndroidManifest.xml:55:17-44
61                android:value="2d" />
61-->src\main\AndroidManifest.xml:56:17-35
62        </activity>
63        <!-- pico sdk config start -->
64        <meta-data
64-->src\main\AndroidManifest.xml:54:13-56:38
65            android:name="pvr.app.type"
65-->src\main\AndroidManifest.xml:55:17-44
66            android:value="vr" />
66-->src\main\AndroidManifest.xml:56:17-35
67        <meta-data
67-->src\main\AndroidManifest.xml:62:9-64:35
68            android:name="pvr.display.orientation"
68-->src\main\AndroidManifest.xml:63:13-51
69            android:value="180" />
69-->src\main\AndroidManifest.xml:64:13-32
70        <meta-data
70-->src\main\AndroidManifest.xml:65:9-67:33
71            android:name="platform_logo"
71-->src\main\AndroidManifest.xml:66:13-41
72            android:value="1" />
72-->src\main\AndroidManifest.xml:67:13-30
73        <meta-data
73-->src\main\AndroidManifest.xml:68:9-70:50
74            android:name="LoadingContent"
74-->src\main\AndroidManifest.xml:69:13-42
75            android:resource="@string/loading" />
75-->src\main\AndroidManifest.xml:70:13-47
76        <meta-data
76-->src\main\AndroidManifest.xml:71:9-73:48
77            android:name="loadingcolor"
77-->src\main\AndroidManifest.xml:72:13-40
78            android:resource="@color/custom" />
78-->src\main\AndroidManifest.xml:73:13-45
79        <meta-data
79-->src\main\AndroidManifest.xml:74:9-76:34
80            android:name="loadingtextsize"
80-->src\main\AndroidManifest.xml:75:13-43
81            android:value="16" />
81-->src\main\AndroidManifest.xml:76:13-31
82        <meta-data
82-->src\main\AndroidManifest.xml:77:9-79:35
83            android:name="loadingwidth"
83-->src\main\AndroidManifest.xml:78:13-40
84            android:value="500" />
84-->src\main\AndroidManifest.xml:79:13-32
85        <meta-data
85-->src\main\AndroidManifest.xml:80:9-82:35
86            android:name="loadingheight"
86-->src\main\AndroidManifest.xml:81:13-41
87            android:value="100" />
87-->src\main\AndroidManifest.xml:82:13-32
88        <meta-data
88-->src\main\AndroidManifest.xml:83:9-85:33
89            android:name="loadingmarquee"
89-->src\main\AndroidManifest.xml:84:13-42
90            android:value="1" />
90-->src\main\AndroidManifest.xml:85:13-30
91        <meta-data
91-->src\main\AndroidManifest.xml:86:9-88:35
92            android:name="bottommargin"
92-->src\main\AndroidManifest.xml:87:13-40
93            android:value="100" />
93-->src\main\AndroidManifest.xml:88:13-32
94        <meta-data
94-->src\main\AndroidManifest.xml:89:9-91:34
95            android:name="marqueecount"
95-->src\main\AndroidManifest.xml:90:13-40
96            android:value="10" />
96-->src\main\AndroidManifest.xml:91:13-31
97        <meta-data
97-->src\main\AndroidManifest.xml:92:9-94:36
98            android:name="loadingalign"
98-->src\main\AndroidManifest.xml:93:13-40
99            android:value="left" />
99-->src\main\AndroidManifest.xml:94:13-33
100        <meta-data
100-->src\main\AndroidManifest.xml:95:9-97:33
101            android:name="platform_high"
101-->src\main\AndroidManifest.xml:96:13-41
102            android:value="1" />
102-->src\main\AndroidManifest.xml:97:13-30
103        <meta-data
103-->src\main\AndroidManifest.xml:98:9-100:33
104            android:name="platform_sbf"
104-->src\main\AndroidManifest.xml:99:13-40
105            android:value="1" />
105-->src\main\AndroidManifest.xml:100:13-30
106        <meta-data
106-->src\main\AndroidManifest.xml:101:9-103:36
107            android:name="com.pvr.hmd.trackingmode"
107-->src\main\AndroidManifest.xml:102:13-52
108            android:value="3dof" />
108-->src\main\AndroidManifest.xml:103:13-33
109        <meta-data
109-->src\main\AndroidManifest.xml:104:9-106:33
110            android:name="isPUI"
110-->src\main\AndroidManifest.xml:105:13-33
111            android:value="1" />
111-->src\main\AndroidManifest.xml:106:13-30
112        <meta-data
112-->src\main\AndroidManifest.xml:107:9-109:33
113            android:name="shell_mode"
113-->src\main\AndroidManifest.xml:108:13-38
114            android:value="1" />
114-->src\main\AndroidManifest.xml:109:13-30
115        <meta-data
115-->src\main\AndroidManifest.xml:110:9-112:33
116            android:name="enable_boundary"
116-->src\main\AndroidManifest.xml:111:13-43
117            android:value="1" />
117-->src\main\AndroidManifest.xml:112:13-30
118
119        <service android:name="com.psmart.link.spp.LarkConnectService" />
119-->src\main\AndroidManifest.xml:114:9-74
119-->src\main\AndroidManifest.xml:114:18-71
120        <service android:name="com.psmart.link.ble.BluetoothLeService" />
120-->src\main\AndroidManifest.xml:115:9-74
120-->src\main\AndroidManifest.xml:115:18-71
121        <service android:name="com.picovr.hummingbirdsvc.AutoConnectService" >
121-->src\main\AndroidManifest.xml:116:9-120:19
121-->src\main\AndroidManifest.xml:116:18-77
122            <intent-filter>
122-->src\main\AndroidManifest.xml:117:13-119:29
123                <action android:name="com.picovr.hummingbirdsvc.AutoConnectService" />
123-->src\main\AndroidManifest.xml:118:17-87
123-->src\main\AndroidManifest.xml:118:25-84
124            </intent-filter>
125        </service>
126        <service
126-->src\main\AndroidManifest.xml:121:9-127:19
127            android:name="com.picovr.picovrlib.hummingbird.HummingBirdControllerService"
127-->src\main\AndroidManifest.xml:122:13-89
128            android:process=":remote" >
128-->src\main\AndroidManifest.xml:123:13-38
129            <intent-filter>
129-->src\main\AndroidManifest.xml:124:13-126:29
130                <action android:name="com.picovr.picovrlib.humingbird.HumingBirdAIDLService" />
130-->src\main\AndroidManifest.xml:125:17-96
130-->src\main\AndroidManifest.xml:125:25-93
131            </intent-filter>
132        </service>
133        <service
133-->src\main\AndroidManifest.xml:128:9-135:19
134            android:name="com.psmart.vrlib.NotificationMonitorService"
134-->src\main\AndroidManifest.xml:129:13-71
135            android:label="NotificationMonitor"
135-->src\main\AndroidManifest.xml:130:13-48
136            android:permission="android.permission.BIND_NOTIFICATION_LISTENER_SERVICE" >
136-->src\main\AndroidManifest.xml:131:13-87
137            <intent-filter>
137-->src\main\AndroidManifest.xml:132:13-134:29
138                <action android:name="android.service.notification.NotificationListenerService" />
138-->src\main\AndroidManifest.xml:133:17-99
138-->src\main\AndroidManifest.xml:133:25-96
139            </intent-filter>
140        </service>
141        <!-- pico sdk config end -->
142        <!-- vierwe sdk config start -->
143        <meta-data
143-->src\main\AndroidManifest.xml:138:9-140:34
144            android:name="com.softwinner.vr.mode"
144-->src\main\AndroidManifest.xml:139:13-50
145            android:value="vr" />
145-->src\main\AndroidManifest.xml:140:13-31
146        <meta-data
146-->src\main\AndroidManifest.xml:141:9-143:33
147            android:name="MSAA"
147-->src\main\AndroidManifest.xml:142:13-32
148            android:value="2" />
148-->src\main\AndroidManifest.xml:143:13-30
149
150        <service
150-->src\main\AndroidManifest.xml:145:9-151:19
151            android:name="com.aw.vrsdk.VrListener"
151-->src\main\AndroidManifest.xml:146:13-51
152            android:permission="android.permission.BIND_VR_LISTENER_SERVICE" >
152-->src\main\AndroidManifest.xml:147:13-77
153            <intent-filter>
153-->src\main\AndroidManifest.xml:148:13-150:29
154                <action android:name="android.service.vr.VrListenerService" />
154-->src\main\AndroidManifest.xml:149:17-79
154-->src\main\AndroidManifest.xml:149:25-76
155            </intent-filter>
156        </service>
157    </application>
158
159</manifest>